[2025-09-21 12:22:13Z INFO HostContext] No proxy settings were found based on environmental variables (http_proxy/https_proxy/HTTP_PROXY/HTTPS_PROXY)
[2025-09-21 12:22:13Z INFO HostContext] Well known directory 'Bin': 'C:\Users\Alok\Downloads\Maveric Systems\Maveric-Systems\actions-runner\actions-runner-win-x64-2.308.0\bin'
[2025-09-21 12:22:13Z INFO HostContext] Well known directory 'Root': 'C:\Users\Alok\Downloads\Maveric Systems\Maveric-Systems\actions-runner\actions-runner-win-x64-2.308.0'
[2025-09-21 12:22:13Z INFO HostContext] Well known config file 'Credentials': 'C:\Users\Alok\Downloads\Maveric Systems\Maveric-Systems\actions-runner\actions-runner-win-x64-2.308.0\.credentials'
[2025-09-21 12:22:13Z INFO HostContext] Well known directory 'Bin': 'C:\Users\Alok\Downloads\Maveric Systems\Maveric-Systems\actions-runner\actions-runner-win-x64-2.308.0\bin'
[2025-09-21 12:22:13Z INFO HostContext] Well known directory 'Root': 'C:\Users\Alok\Downloads\Maveric Systems\Maveric-Systems\actions-runner\actions-runner-win-x64-2.308.0'
[2025-09-21 12:22:13Z INFO HostContext] Well known config file 'Runner': 'C:\Users\Alok\Downloads\Maveric Systems\Maveric-Systems\actions-runner\actions-runner-win-x64-2.308.0\.runner'
[2025-09-21 12:22:13Z INFO Listener] Runner is built for Windows (X64) - win-x64.
[2025-09-21 12:22:13Z INFO Listener] RuntimeInformation: Microsoft Windows 10.0.26100.
[2025-09-21 12:22:13Z INFO Listener] Version: 2.308.0
[2025-09-21 12:22:13Z INFO Listener] Commit: 7f7ff150c6d2ee316c523be6325188853dfae45d
[2025-09-21 12:22:13Z INFO Listener] Culture: en-IN
[2025-09-21 12:22:13Z INFO Listener] UI Culture: en-US
[2025-09-21 12:22:13Z INFO HostContext] Well known directory 'Bin': 'C:\Users\Alok\Downloads\Maveric Systems\Maveric-Systems\actions-runner\actions-runner-win-x64-2.308.0\bin'
[2025-09-21 12:22:13Z INFO HostContext] Well known directory 'Root': 'C:\Users\Alok\Downloads\Maveric Systems\Maveric-Systems\actions-runner\actions-runner-win-x64-2.308.0'
[2025-09-21 12:22:13Z INFO Listener] Validating directory permissions for: 'C:\Users\Alok\Downloads\Maveric Systems\Maveric-Systems\actions-runner\actions-runner-win-x64-2.308.0'
[2025-09-21 12:22:13Z INFO CommandLineParser] Parse
[2025-09-21 12:22:13Z INFO CommandLineParser] Parsing 5 args
[2025-09-21 12:22:13Z INFO CommandLineParser] parsing argument
[2025-09-21 12:22:13Z INFO CommandLineParser] HasArgs: False
[2025-09-21 12:22:13Z INFO CommandLineParser] Adding Command: configure
[2025-09-21 12:22:13Z INFO CommandLineParser] parsing argument
[2025-09-21 12:22:13Z INFO CommandLineParser] HasArgs: True
[2025-09-21 12:22:13Z INFO CommandLineParser] arg: url
[2025-09-21 12:22:13Z INFO CommandLineParser] parsing argument
[2025-09-21 12:22:13Z INFO CommandLineParser] HasArgs: True
[2025-09-21 12:22:13Z INFO CommandLineParser] Adding option 'url': 'https://github.com/alokdev08-create/Maveric-Systems'
[2025-09-21 12:22:13Z INFO CommandLineParser] parsing argument
[2025-09-21 12:22:13Z INFO CommandLineParser] HasArgs: True
[2025-09-21 12:22:13Z INFO CommandLineParser] arg: token
[2025-09-21 12:22:13Z INFO CommandLineParser] parsing argument
[2025-09-21 12:22:13Z INFO CommandLineParser] HasArgs: True
[2025-09-21 12:22:13Z INFO CommandLineParser] Adding option 'token': '***'
[2025-09-21 12:22:13Z INFO Listener] Arguments parsed
[2025-09-21 12:22:13Z INFO Runner] ExecuteCommand
[2025-09-21 12:22:13Z INFO ConfigurationStore] currentAssemblyLocation: C:\Users\Alok\Downloads\Maveric Systems\Maveric-Systems\actions-runner\actions-runner-win-x64-2.308.0\bin\Runner.Listener.dll
[2025-09-21 12:22:13Z INFO HostContext] Well known directory 'Bin': 'C:\Users\Alok\Downloads\Maveric Systems\Maveric-Systems\actions-runner\actions-runner-win-x64-2.308.0\bin'
[2025-09-21 12:22:13Z INFO ConfigurationStore] binPath: C:\Users\Alok\Downloads\Maveric Systems\Maveric-Systems\actions-runner\actions-runner-win-x64-2.308.0\bin
[2025-09-21 12:22:13Z INFO HostContext] Well known directory 'Bin': 'C:\Users\Alok\Downloads\Maveric Systems\Maveric-Systems\actions-runner\actions-runner-win-x64-2.308.0\bin'
[2025-09-21 12:22:13Z INFO HostContext] Well known directory 'Root': 'C:\Users\Alok\Downloads\Maveric Systems\Maveric-Systems\actions-runner\actions-runner-win-x64-2.308.0'
[2025-09-21 12:22:13Z INFO ConfigurationStore] RootFolder: C:\Users\Alok\Downloads\Maveric Systems\Maveric-Systems\actions-runner\actions-runner-win-x64-2.308.0
[2025-09-21 12:22:13Z INFO HostContext] Well known directory 'Bin': 'C:\Users\Alok\Downloads\Maveric Systems\Maveric-Systems\actions-runner\actions-runner-win-x64-2.308.0\bin'
[2025-09-21 12:22:13Z INFO HostContext] Well known directory 'Root': 'C:\Users\Alok\Downloads\Maveric Systems\Maveric-Systems\actions-runner\actions-runner-win-x64-2.308.0'
[2025-09-21 12:22:13Z INFO HostContext] Well known config file 'Runner': 'C:\Users\Alok\Downloads\Maveric Systems\Maveric-Systems\actions-runner\actions-runner-win-x64-2.308.0\.runner'
[2025-09-21 12:22:13Z INFO ConfigurationStore] ConfigFilePath: C:\Users\Alok\Downloads\Maveric Systems\Maveric-Systems\actions-runner\actions-runner-win-x64-2.308.0\.runner
[2025-09-21 12:22:13Z INFO HostContext] Well known directory 'Bin': 'C:\Users\Alok\Downloads\Maveric Systems\Maveric-Systems\actions-runner\actions-runner-win-x64-2.308.0\bin'
[2025-09-21 12:22:13Z INFO HostContext] Well known directory 'Root': 'C:\Users\Alok\Downloads\Maveric Systems\Maveric-Systems\actions-runner\actions-runner-win-x64-2.308.0'
[2025-09-21 12:22:13Z INFO HostContext] Well known config file 'Credentials': 'C:\Users\Alok\Downloads\Maveric Systems\Maveric-Systems\actions-runner\actions-runner-win-x64-2.308.0\.credentials'
[2025-09-21 12:22:13Z INFO ConfigurationStore] CredFilePath: C:\Users\Alok\Downloads\Maveric Systems\Maveric-Systems\actions-runner\actions-runner-win-x64-2.308.0\.credentials
[2025-09-21 12:22:13Z INFO HostContext] Well known directory 'Bin': 'C:\Users\Alok\Downloads\Maveric Systems\Maveric-Systems\actions-runner\actions-runner-win-x64-2.308.0\bin'
[2025-09-21 12:22:13Z INFO HostContext] Well known directory 'Root': 'C:\Users\Alok\Downloads\Maveric Systems\Maveric-Systems\actions-runner\actions-runner-win-x64-2.308.0'
[2025-09-21 12:22:13Z INFO HostContext] Well known config file 'MigratedCredentials': 'C:\Users\Alok\Downloads\Maveric Systems\Maveric-Systems\actions-runner\actions-runner-win-x64-2.308.0\.credentials_migrated'
[2025-09-21 12:22:13Z INFO ConfigurationStore] MigratedCredFilePath: C:\Users\Alok\Downloads\Maveric Systems\Maveric-Systems\actions-runner\actions-runner-win-x64-2.308.0\.credentials_migrated
[2025-09-21 12:22:13Z INFO HostContext] Well known directory 'Bin': 'C:\Users\Alok\Downloads\Maveric Systems\Maveric-Systems\actions-runner\actions-runner-win-x64-2.308.0\bin'
[2025-09-21 12:22:13Z INFO HostContext] Well known directory 'Root': 'C:\Users\Alok\Downloads\Maveric Systems\Maveric-Systems\actions-runner\actions-runner-win-x64-2.308.0'
[2025-09-21 12:22:13Z INFO HostContext] Well known config file 'Service': 'C:\Users\Alok\Downloads\Maveric Systems\Maveric-Systems\actions-runner\actions-runner-win-x64-2.308.0\.service'
[2025-09-21 12:22:13Z INFO ConfigurationStore] ServiceConfigFilePath: C:\Users\Alok\Downloads\Maveric Systems\Maveric-Systems\actions-runner\actions-runner-win-x64-2.308.0\.service
[2025-09-21 12:22:13Z INFO CommandSettings] Flag 'help': 'False'
[2025-09-21 12:22:13Z INFO CommandSettings] Flag 'version': 'False'
[2025-09-21 12:22:13Z INFO CommandSettings] Flag 'commit': 'False'
[2025-09-21 12:22:13Z INFO CommandSettings] Flag 'check': 'False'
[2025-09-21 12:22:13Z INFO CommandSettings] Command 'configure': 'True'
[2025-09-21 12:22:13Z INFO Terminal] WRITE LINE: 
[2025-09-21 12:22:13Z INFO Terminal] WRITE LINE: --------------------------------------------------------------------------------
[2025-09-21 12:22:13Z INFO Terminal] WRITE LINE: |        ____ _ _   _   _       _          _        _   _                      |
[2025-09-21 12:22:13Z INFO Terminal] WRITE LINE: |       / ___(_) |_| | | |_   _| |__      / \   ___| |_(_) ___  _ __  ___      |
[2025-09-21 12:22:13Z INFO Terminal] WRITE LINE: |      | |  _| | __| |_| | | | | '_ \    / _ \ / __| __| |/ _ \| '_ \/ __|     |
[2025-09-21 12:22:13Z INFO Terminal] WRITE LINE: |      | |_| | | |_|  _  | |_| | |_) |  / ___ \ (__| |_| | (_) | | | \__ \     |
[2025-09-21 12:22:13Z INFO Terminal] WRITE LINE: |       \____|_|\__|_| |_|\__,_|_.__/  /_/   \_\___|\__|_|\___/|_| |_|___/     |
[2025-09-21 12:22:13Z INFO Terminal] WRITE LINE: |                                                                              |
[2025-09-21 12:22:13Z INFO Terminal] WRITE: |                       
[2025-09-21 12:22:13Z INFO Terminal] WRITE: Self-hosted runner registration
[2025-09-21 12:22:13Z INFO Terminal] WRITE LINE:                         |
[2025-09-21 12:22:13Z INFO Terminal] WRITE LINE: |                                                                              |
[2025-09-21 12:22:13Z INFO Terminal] WRITE LINE: --------------------------------------------------------------------------------
[2025-09-21 12:22:13Z INFO ConfigurationManager] ConfigureAsync
[2025-09-21 12:22:13Z INFO CommandSettings] Flag 'generateServiceConfig': 'False'
[2025-09-21 12:22:13Z INFO ConfigurationStore] IsConfigured()
[2025-09-21 12:22:13Z INFO ConfigurationStore] IsConfigured: False
[2025-09-21 12:22:13Z INFO ConfigurationManager] Is configured: False
[2025-09-21 12:22:13Z INFO CommandSettings] Arg 'url': 'https://github.com/alokdev08-create/Maveric-Systems'
[2025-09-21 12:22:13Z INFO CommandSettings] Remove url from Arg dictionary.
[2025-09-21 12:22:13Z INFO CommandSettings] Arg 'token': '***'
[2025-09-21 12:22:13Z INFO CommandSettings] Remove token from Arg dictionary.
[2025-09-21 12:22:13Z ERR  Terminal] WRITE ERROR: Http response code: NotFound from 'POST https://api.github.com/actions/runner-registration' (Request Id: DE87:1C1B42:CB818C:1046C3B:68CFEDF5)
[2025-09-21 12:22:13Z ERR  Terminal] WRITE ERROR: {"message":"Not Found","documentation_url":"https://docs.github.com/rest","status":"404"}
[2025-09-21 12:22:14Z ERR  Runner] System.Net.Http.HttpRequestException: Response status code does not indicate success: 404 (Not Found).
   at System.Net.Http.HttpResponseMessage.EnsureSuccessStatusCode()
   at GitHub.Runner.Listener.Configuration.ConfigurationManager.GetTenantCredential(String githubUrl, String githubToken, String runnerEvent)
   at GitHub.Runner.Listener.Configuration.ConfigurationManager.ConfigureAsync(CommandSettings command)
   at GitHub.Runner.Listener.Runner.ExecuteCommand(CommandSettings command)
[2025-09-21 12:22:14Z ERR  Terminal] WRITE ERROR: Response status code does not indicate success: 404 (Not Found).
[2025-09-21 12:22:14Z INFO Listener] Runner execution has finished with return code 1
