[2025-09-21 12:25:24Z INFO HostContext] No proxy settings were found based on environmental variables (http_proxy/https_proxy/HTTP_PROXY/HTTPS_PROXY)
[2025-09-21 12:25:24Z INFO HostContext] Well known directory 'Bin': 'C:\Users\Alok\Downloads\Maveric Systems\Maveric-Systems\actions-runner\actions-runner-win-x64-2.308.0\bin'
[2025-09-21 12:25:24Z INFO HostContext] Well known directory 'Root': 'C:\Users\Alok\Downloads\Maveric Systems\Maveric-Systems\actions-runner\actions-runner-win-x64-2.308.0'
[2025-09-21 12:25:24Z INFO HostContext] Well known config file 'Credentials': 'C:\Users\Alok\Downloads\Maveric Systems\Maveric-Systems\actions-runner\actions-runner-win-x64-2.308.0\.credentials'
[2025-09-21 12:25:24Z INFO HostContext] Well known directory 'Bin': 'C:\Users\Alok\Downloads\Maveric Systems\Maveric-Systems\actions-runner\actions-runner-win-x64-2.308.0\bin'
[2025-09-21 12:25:24Z INFO HostContext] Well known directory 'Root': 'C:\Users\Alok\Downloads\Maveric Systems\Maveric-Systems\actions-runner\actions-runner-win-x64-2.308.0'
[2025-09-21 12:25:24Z INFO HostContext] Well known config file 'Runner': 'C:\Users\Alok\Downloads\Maveric Systems\Maveric-Systems\actions-runner\actions-runner-win-x64-2.308.0\.runner'
[2025-09-21 12:25:24Z INFO Listener] Runner is built for Windows (X64) - win-x64.
[2025-09-21 12:25:24Z INFO Listener] RuntimeInformation: Microsoft Windows 10.0.26100.
[2025-09-21 12:25:24Z INFO Listener] Version: 2.308.0
[2025-09-21 12:25:24Z INFO Listener] Commit: 7f7ff150c6d2ee316c523be6325188853dfae45d
[2025-09-21 12:25:24Z INFO Listener] Culture: en-IN
[2025-09-21 12:25:24Z INFO Listener] UI Culture: en-US
[2025-09-21 12:25:24Z INFO HostContext] Well known directory 'Bin': 'C:\Users\Alok\Downloads\Maveric Systems\Maveric-Systems\actions-runner\actions-runner-win-x64-2.308.0\bin'
[2025-09-21 12:25:24Z INFO HostContext] Well known directory 'Root': 'C:\Users\Alok\Downloads\Maveric Systems\Maveric-Systems\actions-runner\actions-runner-win-x64-2.308.0'
[2025-09-21 12:25:24Z INFO Listener] Validating directory permissions for: 'C:\Users\Alok\Downloads\Maveric Systems\Maveric-Systems\actions-runner\actions-runner-win-x64-2.308.0'
[2025-09-21 12:25:24Z INFO CommandLineParser] Parse
[2025-09-21 12:25:24Z INFO CommandLineParser] Parsing 1 args
[2025-09-21 12:25:24Z INFO CommandLineParser] parsing argument
[2025-09-21 12:25:24Z INFO CommandLineParser] HasArgs: False
[2025-09-21 12:25:24Z INFO CommandLineParser] Adding Command: run
[2025-09-21 12:25:24Z INFO Listener] Arguments parsed
[2025-09-21 12:25:24Z INFO Runner] ExecuteCommand
[2025-09-21 12:25:24Z INFO ConfigurationStore] currentAssemblyLocation: C:\Users\Alok\Downloads\Maveric Systems\Maveric-Systems\actions-runner\actions-runner-win-x64-2.308.0\bin\Runner.Listener.dll
[2025-09-21 12:25:24Z INFO HostContext] Well known directory 'Bin': 'C:\Users\Alok\Downloads\Maveric Systems\Maveric-Systems\actions-runner\actions-runner-win-x64-2.308.0\bin'
[2025-09-21 12:25:24Z INFO ConfigurationStore] binPath: C:\Users\Alok\Downloads\Maveric Systems\Maveric-Systems\actions-runner\actions-runner-win-x64-2.308.0\bin
[2025-09-21 12:25:24Z INFO HostContext] Well known directory 'Bin': 'C:\Users\Alok\Downloads\Maveric Systems\Maveric-Systems\actions-runner\actions-runner-win-x64-2.308.0\bin'
[2025-09-21 12:25:24Z INFO HostContext] Well known directory 'Root': 'C:\Users\Alok\Downloads\Maveric Systems\Maveric-Systems\actions-runner\actions-runner-win-x64-2.308.0'
[2025-09-21 12:25:24Z INFO ConfigurationStore] RootFolder: C:\Users\Alok\Downloads\Maveric Systems\Maveric-Systems\actions-runner\actions-runner-win-x64-2.308.0
[2025-09-21 12:25:24Z INFO HostContext] Well known directory 'Bin': 'C:\Users\Alok\Downloads\Maveric Systems\Maveric-Systems\actions-runner\actions-runner-win-x64-2.308.0\bin'
[2025-09-21 12:25:24Z INFO HostContext] Well known directory 'Root': 'C:\Users\Alok\Downloads\Maveric Systems\Maveric-Systems\actions-runner\actions-runner-win-x64-2.308.0'
[2025-09-21 12:25:24Z INFO HostContext] Well known config file 'Runner': 'C:\Users\Alok\Downloads\Maveric Systems\Maveric-Systems\actions-runner\actions-runner-win-x64-2.308.0\.runner'
[2025-09-21 12:25:24Z INFO ConfigurationStore] ConfigFilePath: C:\Users\Alok\Downloads\Maveric Systems\Maveric-Systems\actions-runner\actions-runner-win-x64-2.308.0\.runner
[2025-09-21 12:25:24Z INFO HostContext] Well known directory 'Bin': 'C:\Users\Alok\Downloads\Maveric Systems\Maveric-Systems\actions-runner\actions-runner-win-x64-2.308.0\bin'
[2025-09-21 12:25:24Z INFO HostContext] Well known directory 'Root': 'C:\Users\Alok\Downloads\Maveric Systems\Maveric-Systems\actions-runner\actions-runner-win-x64-2.308.0'
[2025-09-21 12:25:24Z INFO HostContext] Well known config file 'Credentials': 'C:\Users\Alok\Downloads\Maveric Systems\Maveric-Systems\actions-runner\actions-runner-win-x64-2.308.0\.credentials'
[2025-09-21 12:25:24Z INFO ConfigurationStore] CredFilePath: C:\Users\Alok\Downloads\Maveric Systems\Maveric-Systems\actions-runner\actions-runner-win-x64-2.308.0\.credentials
[2025-09-21 12:25:24Z INFO HostContext] Well known directory 'Bin': 'C:\Users\Alok\Downloads\Maveric Systems\Maveric-Systems\actions-runner\actions-runner-win-x64-2.308.0\bin'
[2025-09-21 12:25:24Z INFO HostContext] Well known directory 'Root': 'C:\Users\Alok\Downloads\Maveric Systems\Maveric-Systems\actions-runner\actions-runner-win-x64-2.308.0'
[2025-09-21 12:25:24Z INFO HostContext] Well known config file 'MigratedCredentials': 'C:\Users\Alok\Downloads\Maveric Systems\Maveric-Systems\actions-runner\actions-runner-win-x64-2.308.0\.credentials_migrated'
[2025-09-21 12:25:24Z INFO ConfigurationStore] MigratedCredFilePath: C:\Users\Alok\Downloads\Maveric Systems\Maveric-Systems\actions-runner\actions-runner-win-x64-2.308.0\.credentials_migrated
[2025-09-21 12:25:24Z INFO HostContext] Well known directory 'Bin': 'C:\Users\Alok\Downloads\Maveric Systems\Maveric-Systems\actions-runner\actions-runner-win-x64-2.308.0\bin'
[2025-09-21 12:25:24Z INFO HostContext] Well known directory 'Root': 'C:\Users\Alok\Downloads\Maveric Systems\Maveric-Systems\actions-runner\actions-runner-win-x64-2.308.0'
[2025-09-21 12:25:24Z INFO HostContext] Well known config file 'Service': 'C:\Users\Alok\Downloads\Maveric Systems\Maveric-Systems\actions-runner\actions-runner-win-x64-2.308.0\.service'
[2025-09-21 12:25:24Z INFO ConfigurationStore] ServiceConfigFilePath: C:\Users\Alok\Downloads\Maveric Systems\Maveric-Systems\actions-runner\actions-runner-win-x64-2.308.0\.service
[2025-09-21 12:25:24Z INFO CommandSettings] Flag 'help': 'False'
[2025-09-21 12:25:24Z INFO CommandSettings] Flag 'version': 'False'
[2025-09-21 12:25:24Z INFO CommandSettings] Flag 'commit': 'False'
[2025-09-21 12:25:24Z INFO CommandSettings] Flag 'check': 'False'
[2025-09-21 12:25:24Z INFO CommandSettings] Command 'configure': 'False'
[2025-09-21 12:25:24Z INFO CommandSettings] Command 'remove': 'False'
[2025-09-21 12:25:24Z INFO CommandSettings] Command 'warmup': 'False'
[2025-09-21 12:25:24Z INFO ConfigurationManager] LoadSettings
[2025-09-21 12:25:24Z INFO ConfigurationStore] IsConfigured()
[2025-09-21 12:25:24Z INFO ConfigurationStore] IsConfigured: True
[2025-09-21 12:25:24Z INFO ConfigurationManager] Is configured: True
[2025-09-21 12:25:24Z INFO ConfigurationStore] Read setting file: 322 chars
[2025-09-21 12:25:24Z INFO ConfigurationManager] Settings Loaded
[2025-09-21 12:25:24Z INFO ConfigurationStore] IsServiceConfigured()
[2025-09-21 12:25:24Z INFO ConfigurationStore] IsServiceConfigured: False
[2025-09-21 12:25:24Z INFO CommandSettings] Command 'run': 'True'
[2025-09-21 12:25:24Z INFO ConfigurationStore] IsConfigured()
[2025-09-21 12:25:24Z INFO ConfigurationStore] IsConfigured: True
[2025-09-21 12:25:24Z INFO ConfigurationManager] Is configured: True
[2025-09-21 12:25:24Z INFO Runner] Could not parse the argument value '' for StartupType. Defaulting to Manual
[2025-09-21 12:25:24Z INFO Runner] Set runner startup type - Manual
[2025-09-21 12:25:24Z INFO CommandSettings] Flag 'once': 'False'
[2025-09-21 12:25:24Z INFO CommandSettings] Flag 'once': 'False'
[2025-09-21 12:25:24Z INFO Runner] RunAsync
[2025-09-21 12:25:24Z INFO ConfigurationManager] LoadSettings
[2025-09-21 12:25:24Z INFO ConfigurationStore] IsConfigured()
[2025-09-21 12:25:24Z INFO ConfigurationStore] IsConfigured: True
[2025-09-21 12:25:24Z INFO ConfigurationManager] Is configured: True
[2025-09-21 12:25:24Z INFO ConfigurationManager] Settings Loaded
[2025-09-21 12:25:24Z INFO MessageListener] {
  "AgentId": 2,
  "AgentName": "DESKTOP-FQ8BEO3",
  "PoolId": 1,
  "PoolName": "Default",
  "ServerUrl": "https://pipelinesghubeus15.actions.githubusercontent.com/nJAHgMAsBxUSiDtCiJTHEonom1VtaqGS1zRLNoFe79wXJAWSzj/",
  "GitHubUrl": "https://github.com/alokdev08-create/Maveric-Systems",
  "WorkFolder": "_work"
}
[2025-09-21 12:25:24Z INFO MessageListener] Loading Credentials
[2025-09-21 12:25:24Z INFO ConfigurationStore] HasCredentials()
[2025-09-21 12:25:24Z INFO ConfigurationStore] stored True
[2025-09-21 12:25:24Z INFO CredentialManager] GetCredentialProvider
[2025-09-21 12:25:24Z INFO CredentialManager] Creating type OAuth
[2025-09-21 12:25:24Z INFO CredentialManager] Creating credential type: OAuth
[2025-09-21 12:25:24Z INFO HostContext] Well known directory 'Bin': 'C:\Users\Alok\Downloads\Maveric Systems\Maveric-Systems\actions-runner\actions-runner-win-x64-2.308.0\bin'
[2025-09-21 12:25:24Z INFO HostContext] Well known directory 'Root': 'C:\Users\Alok\Downloads\Maveric Systems\Maveric-Systems\actions-runner\actions-runner-win-x64-2.308.0'
[2025-09-21 12:25:24Z INFO HostContext] Well known config file 'RSACredentials': 'C:\Users\Alok\Downloads\Maveric Systems\Maveric-Systems\actions-runner\actions-runner-win-x64-2.308.0\.credentials_rsaparams'
[2025-09-21 12:25:24Z INFO RSAEncryptedFileKeyManager] Loading RSA key parameters from file C:\Users\Alok\Downloads\Maveric Systems\Maveric-Systems\actions-runner\actions-runner-win-x64-2.308.0\.credentials_rsaparams
[2025-09-21 12:25:24Z INFO MessageListener] Attempt to create session.
[2025-09-21 12:25:24Z INFO MessageListener] Connecting to the Runner Server...
[2025-09-21 12:25:24Z INFO RunnerServer] EstablishVssConnection
[2025-09-21 12:25:24Z INFO RunnerServer] Establish connection with 100 seconds timeout.
[2025-09-21 12:25:24Z INFO GitHubActionsService] Starting operation Location.GetConnectionData
[2025-09-21 12:25:24Z INFO RunnerServer] EstablishVssConnection
[2025-09-21 12:25:24Z INFO RunnerServer] Establish connection with 60 seconds timeout.
[2025-09-21 12:25:24Z INFO GitHubActionsService] Starting operation Location.GetConnectionData
[2025-09-21 12:25:24Z INFO RunnerServer] EstablishVssConnection
[2025-09-21 12:25:24Z INFO RunnerServer] Establish connection with 60 seconds timeout.
[2025-09-21 12:25:24Z INFO GitHubActionsService] Starting operation Location.GetConnectionData
[2025-09-21 12:25:26Z INFO GitHubActionsService] Finished operation Location.GetConnectionData
[2025-09-21 12:25:26Z INFO GitHubActionsService] Finished operation Location.GetConnectionData
[2025-09-21 12:25:26Z INFO GitHubActionsService] Finished operation Location.GetConnectionData
[2025-09-21 12:25:26Z INFO MessageListener] VssConnection created
[2025-09-21 12:25:26Z INFO Terminal] WRITE LINE: 
[2025-09-21 12:25:26Z INFO Terminal] WRITE LINE: 
[2025-09-21 12:25:27Z INFO RSAEncryptedFileKeyManager] Loading RSA key parameters from file C:\Users\Alok\Downloads\Maveric Systems\Maveric-Systems\actions-runner\actions-runner-win-x64-2.308.0\.credentials_rsaparams
[2025-09-21 12:25:27Z INFO RSAEncryptedFileKeyManager] Loading RSA key parameters from file C:\Users\Alok\Downloads\Maveric Systems\Maveric-Systems\actions-runner\actions-runner-win-x64-2.308.0\.credentials_rsaparams
[2025-09-21 12:25:28Z INFO GitHubActionsService] AAD Correlation ID for this token request: Unknown
[2025-09-21 12:25:29Z INFO MessageListener] Session created.
[2025-09-21 12:25:29Z INFO Terminal] WRITE LINE: Current runner version: '2.308.0'
[2025-09-21 12:25:29Z INFO Terminal] WRITE LINE: 2025-09-21 12:25:29Z: Listening for Jobs
[2025-09-21 12:25:29Z INFO JobDispatcher] Set runner/worker IPC timeout to 30 seconds.
[2025-09-21 12:25:30Z INFO RSAEncryptedFileKeyManager] Loading RSA key parameters from file C:\Users\Alok\Downloads\Maveric Systems\Maveric-Systems\actions-runner\actions-runner-win-x64-2.308.0\.credentials_rsaparams
[2025-09-21 12:25:30Z INFO MessageListener] Message '1' received from session 'ef760bf7-1c6c-4e82-b7ec-6e26c764ece0'.
[2025-09-21 12:25:30Z INFO HostContext] Well known directory 'Bin': 'C:\Users\Alok\Downloads\Maveric Systems\Maveric-Systems\actions-runner\actions-runner-win-x64-2.308.0\bin'
[2025-09-21 12:25:30Z INFO HostContext] Well known directory 'Root': 'C:\Users\Alok\Downloads\Maveric Systems\Maveric-Systems\actions-runner\actions-runner-win-x64-2.308.0'
[2025-09-21 12:25:30Z INFO HostContext] Well known directory 'Work': 'C:\Users\Alok\Downloads\Maveric Systems\Maveric-Systems\actions-runner\actions-runner-win-x64-2.308.0\_work'
[2025-09-21 12:25:30Z INFO HostContext] Well known directory 'Bin': 'C:\Users\Alok\Downloads\Maveric Systems\Maveric-Systems\actions-runner\actions-runner-win-x64-2.308.0\bin'
[2025-09-21 12:25:30Z INFO HostContext] Well known directory 'Root': 'C:\Users\Alok\Downloads\Maveric Systems\Maveric-Systems\actions-runner\actions-runner-win-x64-2.308.0'
[2025-09-21 12:25:30Z INFO HostContext] Well known directory 'Work': 'C:\Users\Alok\Downloads\Maveric Systems\Maveric-Systems\actions-runner\actions-runner-win-x64-2.308.0\_work'
[2025-09-21 12:25:30Z INFO SelfUpdater] Cloning dotnet runtime to C:\Users\Alok\Downloads\Maveric Systems\Maveric-Systems\actions-runner\actions-runner-win-x64-2.308.0\_work\__dotnet_runtime__
[2025-09-21 12:25:30Z INFO HostContext] Well known directory 'Bin': 'C:\Users\Alok\Downloads\Maveric Systems\Maveric-Systems\actions-runner\actions-runner-win-x64-2.308.0\bin'
[2025-09-21 12:25:36Z INFO SelfUpdater] Successfully cloned dotnet runtime to C:\Users\Alok\Downloads\Maveric Systems\Maveric-Systems\actions-runner\actions-runner-win-x64-2.308.0\_work\__dotnet_runtime__. Total files: 222
[2025-09-21 12:25:36Z INFO SelfUpdater] Cloning externals to C:\Users\Alok\Downloads\Maveric Systems\Maveric-Systems\actions-runner\actions-runner-win-x64-2.308.0\_work\__externals__
[2025-09-21 12:25:36Z INFO HostContext] Well known directory 'Bin': 'C:\Users\Alok\Downloads\Maveric Systems\Maveric-Systems\actions-runner\actions-runner-win-x64-2.308.0\bin'
[2025-09-21 12:25:36Z INFO HostContext] Well known directory 'Root': 'C:\Users\Alok\Downloads\Maveric Systems\Maveric-Systems\actions-runner\actions-runner-win-x64-2.308.0'
[2025-09-21 12:25:36Z INFO HostContext] Well known directory 'Externals': 'C:\Users\Alok\Downloads\Maveric Systems\Maveric-Systems\actions-runner\actions-runner-win-x64-2.308.0\externals'
[2025-09-21 12:25:36Z INFO SelfUpdater] Successfully cloned externals to C:\Users\Alok\Downloads\Maveric Systems\Maveric-Systems\actions-runner\actions-runner-win-x64-2.308.0\_work\__externals__.
[2025-09-21 12:25:36Z INFO SelfUpdater] Waiting for 2 tasks to complete.
[2025-09-21 12:25:36Z INFO SelfUpdater] Externals clone finished.
[2025-09-21 12:25:36Z INFO SelfUpdater] Calculating hash for C:\Users\Alok\Downloads\Maveric Systems\Maveric-Systems\actions-runner\actions-runner-win-x64-2.308.0\_work\__externals__
[2025-09-21 12:25:36Z INFO HostContext] Well known directory 'Bin': 'C:\Users\Alok\Downloads\Maveric Systems\Maveric-Systems\actions-runner\actions-runner-win-x64-2.308.0\bin'
[2025-09-21 12:25:36Z INFO HostContext] Well known directory 'Bin': 'C:\Users\Alok\Downloads\Maveric Systems\Maveric-Systems\actions-runner\actions-runner-win-x64-2.308.0\bin'
[2025-09-21 12:25:36Z INFO HostContext] Well known directory 'Root': 'C:\Users\Alok\Downloads\Maveric Systems\Maveric-Systems\actions-runner\actions-runner-win-x64-2.308.0'
[2025-09-21 12:25:36Z INFO HostContext] Well known directory 'Externals': 'C:\Users\Alok\Downloads\Maveric Systems\Maveric-Systems\actions-runner\actions-runner-win-x64-2.308.0\externals'
[2025-09-21 12:25:36Z INFO ProcessInvokerWrapper] Starting process:
[2025-09-21 12:25:36Z INFO ProcessInvokerWrapper]   File name: 'C:\Users\Alok\Downloads\Maveric Systems\Maveric-Systems\actions-runner\actions-runner-win-x64-2.308.0\externals\node16\bin\node.exe'
[2025-09-21 12:25:36Z INFO ProcessInvokerWrapper]   Arguments: '"C:\Users\Alok\Downloads\Maveric Systems\Maveric-Systems\actions-runner\actions-runner-win-x64-2.308.0\bin\hashFiles"'
[2025-09-21 12:25:36Z INFO ProcessInvokerWrapper]   Working directory: 'C:\Users\Alok\Downloads\Maveric Systems\Maveric-Systems\actions-runner\actions-runner-win-x64-2.308.0\_work\__externals__'
[2025-09-21 12:25:36Z INFO ProcessInvokerWrapper]   Require exit code zero: 'False'
[2025-09-21 12:25:36Z INFO ProcessInvokerWrapper]   Encoding web name:  ; code page: ''
[2025-09-21 12:25:36Z INFO ProcessInvokerWrapper]   Force kill process on cancellation: 'True'
[2025-09-21 12:25:36Z INFO ProcessInvokerWrapper]   Redirected STDIN: 'False'
[2025-09-21 12:25:36Z INFO ProcessInvokerWrapper]   Persist current code page: 'False'
[2025-09-21 12:25:36Z INFO ProcessInvokerWrapper]   Keep redirected STDIN open: 'False'
[2025-09-21 12:25:36Z INFO ProcessInvokerWrapper]   High priority process: 'False'
[2025-09-21 12:25:39Z INFO ProcessInvokerWrapper] Process started with process id 61592, waiting for process exit.
[2025-09-21 12:25:39Z INFO Runner] Refresh message received, kick-off selfupdate background process.
[2025-09-21 12:25:39Z INFO SelfUpdater] Hash result: '16f3cc545dfe10e84df43746073fc64d3c44d1891782532805aeb2118869a55d'
[2025-09-21 12:25:39Z INFO ProcessInvokerWrapper] STDOUT/STDERR stream read finished.
[2025-09-21 12:25:39Z INFO ProcessInvokerWrapper] STDOUT/STDERR stream read finished.
[2025-09-21 12:25:39Z INFO ProcessInvokerWrapper] Finished process 61592 with exit code 0, and elapsed time 00:00:02.8889347.
[2025-09-21 12:25:39Z INFO SelfUpdater] Externals content hash: 16f3cc545dfe10e84df43746073fc64d3c44d1891782532805aeb2118869a55d
[2025-09-21 12:25:39Z INFO SelfUpdater] Still waiting for 1 tasks to complete.
[2025-09-21 12:25:39Z INFO SelfUpdater] Waiting for 1 tasks to complete.
[2025-09-21 12:25:39Z INFO SelfUpdater] Dotnet runtime clone finished.
[2025-09-21 12:25:39Z INFO SelfUpdater] Calculating hash for C:\Users\Alok\Downloads\Maveric Systems\Maveric-Systems\actions-runner\actions-runner-win-x64-2.308.0\_work\__dotnet_runtime__
[2025-09-21 12:25:39Z INFO HostContext] Well known directory 'Bin': 'C:\Users\Alok\Downloads\Maveric Systems\Maveric-Systems\actions-runner\actions-runner-win-x64-2.308.0\bin'
[2025-09-21 12:25:39Z INFO HostContext] Well known directory 'Bin': 'C:\Users\Alok\Downloads\Maveric Systems\Maveric-Systems\actions-runner\actions-runner-win-x64-2.308.0\bin'
[2025-09-21 12:25:39Z INFO HostContext] Well known directory 'Root': 'C:\Users\Alok\Downloads\Maveric Systems\Maveric-Systems\actions-runner\actions-runner-win-x64-2.308.0'
[2025-09-21 12:25:39Z INFO HostContext] Well known directory 'Externals': 'C:\Users\Alok\Downloads\Maveric Systems\Maveric-Systems\actions-runner\actions-runner-win-x64-2.308.0\externals'
[2025-09-21 12:25:39Z INFO ProcessInvokerWrapper] Starting process:
[2025-09-21 12:25:39Z INFO ProcessInvokerWrapper]   File name: 'C:\Users\Alok\Downloads\Maveric Systems\Maveric-Systems\actions-runner\actions-runner-win-x64-2.308.0\externals\node16\bin\node.exe'
[2025-09-21 12:25:39Z INFO ProcessInvokerWrapper]   Arguments: '"C:\Users\Alok\Downloads\Maveric Systems\Maveric-Systems\actions-runner\actions-runner-win-x64-2.308.0\bin\hashFiles"'
[2025-09-21 12:25:39Z INFO ProcessInvokerWrapper]   Working directory: 'C:\Users\Alok\Downloads\Maveric Systems\Maveric-Systems\actions-runner\actions-runner-win-x64-2.308.0\_work\__dotnet_runtime__'
[2025-09-21 12:25:39Z INFO ProcessInvokerWrapper]   Require exit code zero: 'False'
[2025-09-21 12:25:39Z INFO ProcessInvokerWrapper]   Encoding web name:  ; code page: ''
[2025-09-21 12:25:39Z INFO ProcessInvokerWrapper]   Force kill process on cancellation: 'True'
[2025-09-21 12:25:39Z INFO ProcessInvokerWrapper]   Redirected STDIN: 'False'
[2025-09-21 12:25:39Z INFO ProcessInvokerWrapper]   Persist current code page: 'False'
[2025-09-21 12:25:39Z INFO ProcessInvokerWrapper]   Keep redirected STDIN open: 'False'
[2025-09-21 12:25:39Z INFO ProcessInvokerWrapper]   High priority process: 'False'
[2025-09-21 12:25:39Z INFO SelfUpdater] Version '2.328.0' of 'agent' package available in server.
[2025-09-21 12:25:39Z INFO SelfUpdater] Current running runner version is 2.308.0
[2025-09-21 12:25:39Z INFO SelfUpdater] An update is available.
[2025-09-21 12:25:39Z INFO Terminal] WRITE LINE: Runner update in progress, do not shutdown runner.
[2025-09-21 12:25:39Z INFO SelfUpdater] CloneDotnetRuntimeTime: 5748ms
[2025-09-21 12:25:39Z INFO SelfUpdater] CloneExternalsTime: 107ms
[2025-09-21 12:25:39Z INFO SelfUpdater] HashFiles__externals__Time: 2927ms
[2025-09-21 12:25:39Z INFO SelfUpdater] ExternalsHash: 16f3cc545dfe10e84df43746073fc64d3c44d1891782532805aeb2118869a55d
[2025-09-21 12:25:39Z INFO SelfUpdater] RunnerPlatform: win-x64
[2025-09-21 12:25:39Z INFO ProcessInvokerWrapper] Process started with process id 55448, waiting for process exit.
[2025-09-21 12:25:40Z INFO Terminal] WRITE LINE: Downloading 2.328.0 runner
[2025-09-21 12:25:40Z INFO SelfUpdater] Hash result: '16ab4c166c58bc4c5600ff055be7ce0a9bb0dd993388114a76efea51e4ea14cb'
[2025-09-21 12:25:40Z INFO ProcessInvokerWrapper] STDOUT/STDERR stream read finished.
[2025-09-21 12:25:40Z INFO ProcessInvokerWrapper] STDOUT/STDERR stream read finished.
[2025-09-21 12:25:40Z INFO ProcessInvokerWrapper] Finished process 55448 with exit code 0, and elapsed time 00:00:00.4569327.
[2025-09-21 12:25:40Z INFO SelfUpdater] Runtime content hash: 16ab4c166c58bc4c5600ff055be7ce0a9bb0dd993388114a76efea51e4ea14cb
[2025-09-21 12:25:40Z INFO SelfUpdater] Still waiting for 0 tasks to complete.
[2025-09-21 12:25:40Z INFO HostContext] Well known directory 'Bin': 'C:\Users\Alok\Downloads\Maveric Systems\Maveric-Systems\actions-runner\actions-runner-win-x64-2.308.0\bin'
[2025-09-21 12:25:40Z INFO HostContext] Well known directory 'Root': 'C:\Users\Alok\Downloads\Maveric Systems\Maveric-Systems\actions-runner\actions-runner-win-x64-2.308.0'
[2025-09-21 12:25:40Z INFO HostContext] Well known directory 'Work': 'C:\Users\Alok\Downloads\Maveric Systems\Maveric-Systems\actions-runner\actions-runner-win-x64-2.308.0\_work'
[2025-09-21 12:25:40Z INFO SelfUpdater] Attempt 1: save latest runner into C:\Users\Alok\Downloads\Maveric Systems\Maveric-Systems\actions-runner\actions-runner-win-x64-2.308.0\_work\_update\runner1.zip.
[2025-09-21 12:25:40Z INFO SelfUpdater] Download runner: begin download
[2025-09-21 12:25:40Z INFO SelfUpdater] Downloading https://github.com/actions/runner/releases/download/v2.328.0/actions-runner-win-x64-2.328.0.zip
[2025-09-21 12:25:53Z INFO SelfUpdater] Download runner: finished download
[2025-09-21 12:25:54Z INFO SelfUpdater] Validated Runner Hash matches C:\Users\Alok\Downloads\Maveric Systems\Maveric-Systems\actions-runner\actions-runner-win-x64-2.308.0\_work\_update\runner1.zip : a73ae192b8b2b782e1d90c08923030930b0b96ed394fe56413a073cc6f694877
[2025-09-21 12:25:58Z INFO SelfUpdater] Finished getting latest runner package at: C:\Users\Alok\Downloads\Maveric Systems\Maveric-Systems\actions-runner\actions-runner-win-x64-2.308.0\_work\_update.
[2025-09-21 12:25:58Z INFO HostContext] Well known directory 'Bin': 'C:\Users\Alok\Downloads\Maveric Systems\Maveric-Systems\actions-runner\actions-runner-win-x64-2.308.0\bin'
[2025-09-21 12:25:58Z INFO HostContext] Well known directory 'Root': 'C:\Users\Alok\Downloads\Maveric Systems\Maveric-Systems\actions-runner\actions-runner-win-x64-2.308.0'
[2025-09-21 12:25:58Z INFO SelfUpdater] Copy C:\Users\Alok\Downloads\Maveric Systems\Maveric-Systems\actions-runner\actions-runner-win-x64-2.308.0\_work\_update\bin to C:\Users\Alok\Downloads\Maveric Systems\Maveric-Systems\actions-runner\actions-runner-win-x64-2.308.0\bin.2.328.0.
[2025-09-21 12:26:00Z INFO HostContext] Well known directory 'Bin': 'C:\Users\Alok\Downloads\Maveric Systems\Maveric-Systems\actions-runner\actions-runner-win-x64-2.308.0\bin'
[2025-09-21 12:26:00Z INFO HostContext] Well known directory 'Root': 'C:\Users\Alok\Downloads\Maveric Systems\Maveric-Systems\actions-runner\actions-runner-win-x64-2.308.0'
[2025-09-21 12:26:00Z INFO SelfUpdater] Copy C:\Users\Alok\Downloads\Maveric Systems\Maveric-Systems\actions-runner\actions-runner-win-x64-2.308.0\_work\_update\externals to C:\Users\Alok\Downloads\Maveric Systems\Maveric-Systems\actions-runner\actions-runner-win-x64-2.308.0\externals.2.328.0.
[2025-09-21 12:26:00Z INFO SelfUpdater] Copy any remaining .sh/.cmd files into runner root.
[2025-09-21 12:26:00Z INFO HostContext] Well known directory 'Bin': 'C:\Users\Alok\Downloads\Maveric Systems\Maveric-Systems\actions-runner\actions-runner-win-x64-2.308.0\bin'
[2025-09-21 12:26:00Z INFO HostContext] Well known directory 'Root': 'C:\Users\Alok\Downloads\Maveric Systems\Maveric-Systems\actions-runner\actions-runner-win-x64-2.308.0'
[2025-09-21 12:26:00Z INFO SelfUpdater] Copy C:\Users\Alok\Downloads\Maveric Systems\Maveric-Systems\actions-runner\actions-runner-win-x64-2.308.0\_work\_update\config.cmd to C:\Users\Alok\Downloads\Maveric Systems\Maveric-Systems\actions-runner\actions-runner-win-x64-2.308.0\config.cmd
[2025-09-21 12:26:00Z INFO HostContext] Well known directory 'Bin': 'C:\Users\Alok\Downloads\Maveric Systems\Maveric-Systems\actions-runner\actions-runner-win-x64-2.308.0\bin'
[2025-09-21 12:26:00Z INFO HostContext] Well known directory 'Root': 'C:\Users\Alok\Downloads\Maveric Systems\Maveric-Systems\actions-runner\actions-runner-win-x64-2.308.0'
[2025-09-21 12:26:00Z INFO SelfUpdater] Copy C:\Users\Alok\Downloads\Maveric Systems\Maveric-Systems\actions-runner\actions-runner-win-x64-2.308.0\_work\_update\run-helper.cmd.template to C:\Users\Alok\Downloads\Maveric Systems\Maveric-Systems\actions-runner\actions-runner-win-x64-2.308.0\run-helper.cmd.template
[2025-09-21 12:26:00Z INFO HostContext] Well known directory 'Bin': 'C:\Users\Alok\Downloads\Maveric Systems\Maveric-Systems\actions-runner\actions-runner-win-x64-2.308.0\bin'
[2025-09-21 12:26:00Z INFO HostContext] Well known directory 'Root': 'C:\Users\Alok\Downloads\Maveric Systems\Maveric-Systems\actions-runner\actions-runner-win-x64-2.308.0'
[2025-09-21 12:26:00Z INFO SelfUpdater] Copy C:\Users\Alok\Downloads\Maveric Systems\Maveric-Systems\actions-runner\actions-runner-win-x64-2.308.0\_work\_update\run-helper.sh.template to C:\Users\Alok\Downloads\Maveric Systems\Maveric-Systems\actions-runner\actions-runner-win-x64-2.308.0\run-helper.sh.template
[2025-09-21 12:26:00Z INFO HostContext] Well known directory 'Bin': 'C:\Users\Alok\Downloads\Maveric Systems\Maveric-Systems\actions-runner\actions-runner-win-x64-2.308.0\bin'
[2025-09-21 12:26:00Z INFO HostContext] Well known directory 'Root': 'C:\Users\Alok\Downloads\Maveric Systems\Maveric-Systems\actions-runner\actions-runner-win-x64-2.308.0'
[2025-09-21 12:26:00Z INFO SelfUpdater] Copy C:\Users\Alok\Downloads\Maveric Systems\Maveric-Systems\actions-runner\actions-runner-win-x64-2.308.0\_work\_update\run.cmd to C:\Users\Alok\Downloads\Maveric Systems\Maveric-Systems\actions-runner\actions-runner-win-x64-2.308.0\run.cmd
[2025-09-21 12:26:00Z INFO SelfUpdater] Download latest runner and unzip into runner root.
[2025-09-21 12:26:00Z INFO Terminal] WRITE LINE: Waiting for current job finish running.
[2025-09-21 12:26:00Z INFO SelfUpdater] DownloadUrl: https://github.com/actions/runner/releases/download/v2.328.0/actions-runner-win-x64-2.328.0.zip
[2025-09-21 12:26:00Z INFO SelfUpdater] RuntimeTrimmed: False
[2025-09-21 12:26:00Z INFO SelfUpdater] ExternalsTrimmed: False
[2025-09-21 12:26:00Z INFO SelfUpdater] PackageDownloadTime: 13309ms
[2025-09-21 12:26:00Z INFO SelfUpdater] Attempts: 1
[2025-09-21 12:26:00Z INFO SelfUpdater] PackageSize: 93MB
[2025-09-21 12:26:00Z INFO SelfUpdater] ValidateHashTime: 496ms
[2025-09-21 12:26:00Z INFO SelfUpdater] PackageExtractTime: 3921ms
[2025-09-21 12:26:00Z INFO SelfUpdater] CopyRunnerToRootTime: 1849ms
[2025-09-21 12:26:00Z INFO SelfUpdater] All running job has exited.
[2025-09-21 12:26:00Z INFO HostContext] Well known directory 'Bin': 'C:\Users\Alok\Downloads\Maveric Systems\Maveric-Systems\actions-runner\actions-runner-win-x64-2.308.0\bin'
[2025-09-21 12:26:00Z INFO HostContext] Well known directory 'Root': 'C:\Users\Alok\Downloads\Maveric Systems\Maveric-Systems\actions-runner\actions-runner-win-x64-2.308.0'
[2025-09-21 12:26:00Z INFO HostContext] Well known directory 'Bin': 'C:\Users\Alok\Downloads\Maveric Systems\Maveric-Systems\actions-runner\actions-runner-win-x64-2.308.0\bin'
[2025-09-21 12:26:00Z INFO HostContext] Well known directory 'Root': 'C:\Users\Alok\Downloads\Maveric Systems\Maveric-Systems\actions-runner\actions-runner-win-x64-2.308.0'
[2025-09-21 12:26:00Z INFO HostContext] Well known directory 'Bin': 'C:\Users\Alok\Downloads\Maveric Systems\Maveric-Systems\actions-runner\actions-runner-win-x64-2.308.0\bin'
[2025-09-21 12:26:00Z INFO HostContext] Well known directory 'Root': 'C:\Users\Alok\Downloads\Maveric Systems\Maveric-Systems\actions-runner\actions-runner-win-x64-2.308.0'
[2025-09-21 12:26:00Z INFO SelfUpdater] Delete old version runner backup.
[2025-09-21 12:26:00Z INFO Terminal] WRITE LINE: Generate and execute update script.
[2025-09-21 12:26:00Z INFO SelfUpdater] DeleteRunnerBackupTime: 2ms
[2025-09-21 12:26:00Z INFO HostContext] Well known directory 'Bin': 'C:\Users\Alok\Downloads\Maveric Systems\Maveric-Systems\actions-runner\actions-runner-win-x64-2.308.0\bin'
[2025-09-21 12:26:00Z INFO HostContext] Well known directory 'Root': 'C:\Users\Alok\Downloads\Maveric Systems\Maveric-Systems\actions-runner\actions-runner-win-x64-2.308.0'
[2025-09-21 12:26:00Z INFO HostContext] Well known directory 'Diag': 'C:\Users\Alok\Downloads\Maveric Systems\Maveric-Systems\actions-runner\actions-runner-win-x64-2.308.0\_diag'
[2025-09-21 12:26:00Z INFO HostContext] Well known directory 'Bin': 'C:\Users\Alok\Downloads\Maveric Systems\Maveric-Systems\actions-runner\actions-runner-win-x64-2.308.0\bin'
[2025-09-21 12:26:00Z INFO HostContext] Well known directory 'Root': 'C:\Users\Alok\Downloads\Maveric Systems\Maveric-Systems\actions-runner\actions-runner-win-x64-2.308.0'
[2025-09-21 12:26:00Z INFO HostContext] Well known directory 'Bin': 'C:\Users\Alok\Downloads\Maveric Systems\Maveric-Systems\actions-runner\actions-runner-win-x64-2.308.0\bin'
[2025-09-21 12:26:00Z INFO HostContext] Well known directory 'Root': 'C:\Users\Alok\Downloads\Maveric Systems\Maveric-Systems\actions-runner\actions-runner-win-x64-2.308.0'
[2025-09-21 12:26:00Z INFO HostContext] Well known directory 'Work': 'C:\Users\Alok\Downloads\Maveric Systems\Maveric-Systems\actions-runner\actions-runner-win-x64-2.308.0\_work'
[2025-09-21 12:26:00Z INFO SelfUpdater] Generate update script into: C:\Users\Alok\Downloads\Maveric Systems\Maveric-Systems\actions-runner\actions-runner-win-x64-2.308.0\_work\_update.cmd
[2025-09-21 12:26:00Z INFO SelfUpdater] Which: 'cmd.exe'
[2025-09-21 12:26:00Z INFO SelfUpdater] Location: 'C:\Windows\system32\cmd.exe'
[2025-09-21 12:26:01Z INFO SelfUpdater] Update script start running
[2025-09-21 12:26:01Z INFO Terminal] WRITE LINE: Runner will exit shortly for update, should be back online within 10 seconds.
[2025-09-21 12:26:01Z INFO SelfUpdater] TotalUpdateTime: 30314ms
[2025-09-21 12:26:01Z INFO Terminal] WRITE LINE: Runner update process finished.
[2025-09-21 12:26:01Z INFO Runner] Auto update task finished at backend, an runner update is ready to apply exit the current runner instance.
[2025-09-21 12:26:01Z INFO Runner] Stop message queue looping.
[2025-09-21 12:26:01Z WARN GitHubActionsService] GET request to https://pipelinesghubeus15.actions.githubusercontent.com/nJAHgMAsBxUSiDtCiJTHEonom1VtaqGS1zRLNoFe79wXJAWSzj/_apis/distributedtask/pools/1/messages?sessionId=ef760bf7-1c6c-4e82-b7ec-6e26c764ece0&lastMessageId=1&status=Online&runnerVersion=2.308.0 has been cancelled.
[2025-09-21 12:26:01Z INFO MessageListener] Get next message has been cancelled.
[2025-09-21 12:26:01Z INFO Runner] Ignore any exception after cancel message loop. System.Threading.Tasks.TaskCanceledException: The operation was canceled.
 ---> System.IO.IOException: Unable to read data from the transport connection: The I/O operation has been aborted because of either a thread exit or an application request..
 ---> System.Net.Sockets.SocketException (995): The I/O operation has been aborted because of either a thread exit or an application request.
   --- End of inner exception stack trace ---
   at System.Net.Sockets.Socket.AwaitableSocketAsyncEventArgs.ThrowException(SocketError error, CancellationToken cancellationToken)
   at System.Net.Sockets.Socket.AwaitableSocketAsyncEventArgs.System.Threading.Tasks.Sources.IValueTaskSource<System.Int32>.GetResult(Int16 token)
   at System.Net.Security.SslStream.EnsureFullTlsFrameAsync[TIOAdapter](TIOAdapter adapter)
   at System.Net.Security.SslStream.ReadAsyncInternal[TIOAdapter](TIOAdapter adapter, Memory`1 buffer)
   at System.Net.Http.HttpConnection.SendAsyncCore(HttpRequestMessage request, Boolean async, CancellationToken cancellationToken)
   --- End of inner exception stack trace ---
   at System.Net.Http.HttpClient.HandleFailure(Exception e, Boolean telemetryStarted, HttpResponseMessage response, CancellationTokenSource cts, CancellationToken cancellationToken, CancellationTokenSource pendingRequestsCts)
   at System.Net.Http.HttpClient.<SendAsync>g__Core|83_0(HttpRequestMessage request, HttpCompletionOption completionOption, CancellationTokenSource cts, Boolean disposeCts, CancellationTokenSource pendingRequestsCts, CancellationToken originalCancellationToken)
   at GitHub.Services.WebApi.VssHttpClientBase.SendAsync(HttpRequestMessage message, HttpCompletionOption completionOption, Object userState, CancellationToken cancellationToken)
   at GitHub.Services.WebApi.VssHttpClientBase.SendAsync[T](HttpRequestMessage message, Object userState, CancellationToken cancellationToken)
   at GitHub.Services.WebApi.VssHttpClientBase.SendAsync[T](HttpMethod method, IEnumerable`1 additionalHeaders, Guid locationId, Object routeValues, ApiResourceVersion version, HttpContent content, IEnumerable`1 queryParameters, Object userState, CancellationToken cancellationToken)
   at GitHub.Runner.Listener.MessageListener.GetNextMessageAsync(CancellationToken token)
   at GitHub.Runner.Listener.Runner.RunAsync(RunnerSettings settings, Boolean runOnce)
[2025-09-21 12:26:01Z INFO JobDispatcher] Shutting down JobDispatcher. Make sure all WorkerDispatcher has finished.
[2025-09-21 12:26:03Z INFO Listener] Runner execution has finished with return code 3
