[2025-09-21 12:26:11Z INFO HostContext] No proxy settings were found based on environmental variables (http_proxy/https_proxy/HTTP_PROXY/HTTPS_PROXY)
[2025-09-21 12:26:11Z INFO HostContext] Well known directory 'Bin': 'C:\Users\Alok\Downloads\Maveric Systems\Maveric-Systems\actions-runner\actions-runner-win-x64-2.308.0\bin'
[2025-09-21 12:26:11Z INFO HostContext] Well known directory 'Root': 'C:\Users\Alok\Downloads\Maveric Systems\Maveric-Systems\actions-runner\actions-runner-win-x64-2.308.0'
[2025-09-21 12:26:11Z INFO HostContext] Well known config file 'Credentials': 'C:\Users\Alok\Downloads\Maveric Systems\Maveric-Systems\actions-runner\actions-runner-win-x64-2.308.0\.credentials'
[2025-09-21 12:26:11Z INFO HostContext] Well known directory 'Bin': 'C:\Users\Alok\Downloads\Maveric Systems\Maveric-Systems\actions-runner\actions-runner-win-x64-2.308.0\bin'
[2025-09-21 12:26:11Z INFO HostContext] Well known directory 'Root': 'C:\Users\Alok\Downloads\Maveric Systems\Maveric-Systems\actions-runner\actions-runner-win-x64-2.308.0'
[2025-09-21 12:26:11Z INFO HostContext] Well known config file 'Runner': 'C:\Users\Alok\Downloads\Maveric Systems\Maveric-Systems\actions-runner\actions-runner-win-x64-2.308.0\.runner'
[2025-09-21 12:26:11Z INFO Listener] Runner is built for Windows (X64) - win-x64.
[2025-09-21 12:26:11Z INFO Listener] RuntimeInformation: Microsoft Windows 10.0.26100.
[2025-09-21 12:26:11Z INFO Listener] Version: 2.328.0
[2025-09-21 12:26:11Z INFO Listener] Commit: 6f9a9110adce65f44ca6f7c0ae142b9cc6af937b
[2025-09-21 12:26:11Z INFO Listener] Culture: en-IN
[2025-09-21 12:26:11Z INFO Listener] UI Culture: en-US
[2025-09-21 12:26:11Z INFO HostContext] Well known directory 'Bin': 'C:\Users\Alok\Downloads\Maveric Systems\Maveric-Systems\actions-runner\actions-runner-win-x64-2.308.0\bin'
[2025-09-21 12:26:11Z INFO HostContext] Well known directory 'Root': 'C:\Users\Alok\Downloads\Maveric Systems\Maveric-Systems\actions-runner\actions-runner-win-x64-2.308.0'
[2025-09-21 12:26:11Z INFO Listener] Validating directory permissions for: 'C:\Users\Alok\Downloads\Maveric Systems\Maveric-Systems\actions-runner\actions-runner-win-x64-2.308.0'
[2025-09-21 12:26:11Z INFO CommandLineParser] Parse
[2025-09-21 12:26:11Z INFO CommandLineParser] Parsing 1 args
[2025-09-21 12:26:11Z INFO CommandLineParser] parsing argument
[2025-09-21 12:26:11Z INFO CommandLineParser] HasArgs: False
[2025-09-21 12:26:11Z INFO CommandLineParser] Adding Command: run
[2025-09-21 12:26:11Z INFO Listener] Arguments parsed
[2025-09-21 12:26:11Z INFO Runner] ExecuteCommand
[2025-09-21 12:26:11Z INFO ConfigurationStore] currentAssemblyLocation: C:\Users\Alok\Downloads\Maveric Systems\Maveric-Systems\actions-runner\actions-runner-win-x64-2.308.0\bin\Runner.Listener.dll
[2025-09-21 12:26:11Z INFO HostContext] Well known directory 'Bin': 'C:\Users\Alok\Downloads\Maveric Systems\Maveric-Systems\actions-runner\actions-runner-win-x64-2.308.0\bin'
[2025-09-21 12:26:11Z INFO ConfigurationStore] binPath: C:\Users\Alok\Downloads\Maveric Systems\Maveric-Systems\actions-runner\actions-runner-win-x64-2.308.0\bin
[2025-09-21 12:26:11Z INFO HostContext] Well known directory 'Bin': 'C:\Users\Alok\Downloads\Maveric Systems\Maveric-Systems\actions-runner\actions-runner-win-x64-2.308.0\bin'
[2025-09-21 12:26:11Z INFO HostContext] Well known directory 'Root': 'C:\Users\Alok\Downloads\Maveric Systems\Maveric-Systems\actions-runner\actions-runner-win-x64-2.308.0'
[2025-09-21 12:26:11Z INFO ConfigurationStore] RootFolder: C:\Users\Alok\Downloads\Maveric Systems\Maveric-Systems\actions-runner\actions-runner-win-x64-2.308.0
[2025-09-21 12:26:11Z INFO HostContext] Well known directory 'Bin': 'C:\Users\Alok\Downloads\Maveric Systems\Maveric-Systems\actions-runner\actions-runner-win-x64-2.308.0\bin'
[2025-09-21 12:26:11Z INFO HostContext] Well known directory 'Root': 'C:\Users\Alok\Downloads\Maveric Systems\Maveric-Systems\actions-runner\actions-runner-win-x64-2.308.0'
[2025-09-21 12:26:11Z INFO HostContext] Well known config file 'Runner': 'C:\Users\Alok\Downloads\Maveric Systems\Maveric-Systems\actions-runner\actions-runner-win-x64-2.308.0\.runner'
[2025-09-21 12:26:11Z INFO ConfigurationStore] ConfigFilePath: C:\Users\Alok\Downloads\Maveric Systems\Maveric-Systems\actions-runner\actions-runner-win-x64-2.308.0\.runner
[2025-09-21 12:26:11Z INFO HostContext] Well known directory 'Bin': 'C:\Users\Alok\Downloads\Maveric Systems\Maveric-Systems\actions-runner\actions-runner-win-x64-2.308.0\bin'
[2025-09-21 12:26:11Z INFO HostContext] Well known directory 'Root': 'C:\Users\Alok\Downloads\Maveric Systems\Maveric-Systems\actions-runner\actions-runner-win-x64-2.308.0'
[2025-09-21 12:26:11Z INFO HostContext] Well known config file 'MigratedRunner': 'C:\Users\Alok\Downloads\Maveric Systems\Maveric-Systems\actions-runner\actions-runner-win-x64-2.308.0\.runner_migrated'
[2025-09-21 12:26:11Z INFO ConfigurationStore] MigratedConfigFilePath: C:\Users\Alok\Downloads\Maveric Systems\Maveric-Systems\actions-runner\actions-runner-win-x64-2.308.0\.runner_migrated
[2025-09-21 12:26:11Z INFO HostContext] Well known directory 'Bin': 'C:\Users\Alok\Downloads\Maveric Systems\Maveric-Systems\actions-runner\actions-runner-win-x64-2.308.0\bin'
[2025-09-21 12:26:11Z INFO HostContext] Well known directory 'Root': 'C:\Users\Alok\Downloads\Maveric Systems\Maveric-Systems\actions-runner\actions-runner-win-x64-2.308.0'
[2025-09-21 12:26:11Z INFO HostContext] Well known config file 'Credentials': 'C:\Users\Alok\Downloads\Maveric Systems\Maveric-Systems\actions-runner\actions-runner-win-x64-2.308.0\.credentials'
[2025-09-21 12:26:11Z INFO ConfigurationStore] CredFilePath: C:\Users\Alok\Downloads\Maveric Systems\Maveric-Systems\actions-runner\actions-runner-win-x64-2.308.0\.credentials
[2025-09-21 12:26:11Z INFO HostContext] Well known directory 'Bin': 'C:\Users\Alok\Downloads\Maveric Systems\Maveric-Systems\actions-runner\actions-runner-win-x64-2.308.0\bin'
[2025-09-21 12:26:11Z INFO HostContext] Well known directory 'Root': 'C:\Users\Alok\Downloads\Maveric Systems\Maveric-Systems\actions-runner\actions-runner-win-x64-2.308.0'
[2025-09-21 12:26:11Z INFO HostContext] Well known config file 'MigratedCredentials': 'C:\Users\Alok\Downloads\Maveric Systems\Maveric-Systems\actions-runner\actions-runner-win-x64-2.308.0\.credentials_migrated'
[2025-09-21 12:26:11Z INFO ConfigurationStore] MigratedCredFilePath: C:\Users\Alok\Downloads\Maveric Systems\Maveric-Systems\actions-runner\actions-runner-win-x64-2.308.0\.credentials_migrated
[2025-09-21 12:26:11Z INFO HostContext] Well known directory 'Bin': 'C:\Users\Alok\Downloads\Maveric Systems\Maveric-Systems\actions-runner\actions-runner-win-x64-2.308.0\bin'
[2025-09-21 12:26:11Z INFO HostContext] Well known directory 'Root': 'C:\Users\Alok\Downloads\Maveric Systems\Maveric-Systems\actions-runner\actions-runner-win-x64-2.308.0'
[2025-09-21 12:26:11Z INFO HostContext] Well known config file 'Service': 'C:\Users\Alok\Downloads\Maveric Systems\Maveric-Systems\actions-runner\actions-runner-win-x64-2.308.0\.service'
[2025-09-21 12:26:11Z INFO ConfigurationStore] ServiceConfigFilePath: C:\Users\Alok\Downloads\Maveric Systems\Maveric-Systems\actions-runner\actions-runner-win-x64-2.308.0\.service
[2025-09-21 12:26:11Z INFO CommandSettings] Flag 'help': 'False'
[2025-09-21 12:26:11Z INFO CommandSettings] Flag 'version': 'False'
[2025-09-21 12:26:11Z INFO CommandSettings] Flag 'commit': 'False'
[2025-09-21 12:26:11Z INFO CommandSettings] Flag 'check': 'False'
[2025-09-21 12:26:11Z INFO CommandSettings] Command 'configure': 'False'
[2025-09-21 12:26:11Z INFO CommandSettings] Command 'remove': 'False'
[2025-09-21 12:26:11Z INFO CommandSettings] Command 'warmup': 'False'
[2025-09-21 12:26:11Z INFO ConfigurationManager] LoadSettings
[2025-09-21 12:26:11Z INFO ConfigurationStore] IsConfigured()
[2025-09-21 12:26:11Z INFO ConfigurationStore] IsConfigured: True
[2025-09-21 12:26:11Z INFO ConfigurationManager] Is configured: True
[2025-09-21 12:26:11Z INFO ConfigurationStore] Read setting file: 322 chars
[2025-09-21 12:26:11Z INFO ConfigurationManager] Settings Loaded
[2025-09-21 12:26:11Z INFO ConfigurationStore] IsServiceConfigured()
[2025-09-21 12:26:11Z INFO ConfigurationStore] IsServiceConfigured: False
[2025-09-21 12:26:11Z INFO CommandSettings] Command 'run': 'True'
[2025-09-21 12:26:11Z INFO ConfigurationStore] IsConfigured()
[2025-09-21 12:26:11Z INFO ConfigurationStore] IsConfigured: True
[2025-09-21 12:26:11Z INFO ConfigurationManager] Is configured: True
[2025-09-21 12:26:11Z INFO Runner] Could not parse the argument value '' for StartupType. Defaulting to Manual
[2025-09-21 12:26:11Z INFO Runner] Set runner startup type - Manual
[2025-09-21 12:26:11Z INFO CommandSettings] Flag 'once': 'False'
[2025-09-21 12:26:11Z INFO CommandSettings] Flag 'once': 'False'
[2025-09-21 12:26:11Z INFO Runner] RunAsync
[2025-09-21 12:26:11Z INFO ConfigurationManager] LoadMigratedSettings
[2025-09-21 12:26:11Z INFO ConfigurationStore] IsMigratedConfigured()
[2025-09-21 12:26:11Z INFO ConfigurationStore] IsMigratedConfigured: False
[2025-09-21 12:26:11Z INFO Runner] Failed to load migrated settings: No migrated configuration found.
[2025-09-21 12:26:11Z INFO Runner] Falling back to original .runner settings
[2025-09-21 12:26:11Z INFO ConfigurationManager] LoadSettings
[2025-09-21 12:26:11Z INFO ConfigurationStore] IsConfigured()
[2025-09-21 12:26:11Z INFO ConfigurationStore] IsConfigured: True
[2025-09-21 12:26:11Z INFO ConfigurationManager] Is configured: True
[2025-09-21 12:26:11Z INFO ConfigurationManager] Settings Loaded
[2025-09-21 12:26:11Z INFO MessageListener] {
  "AgentId": 2,
  "AgentName": "DESKTOP-FQ8BEO3",
  "PoolId": 1,
  "PoolName": "Default",
  "ServerUrl": "https://pipelinesghubeus15.actions.githubusercontent.com/nJAHgMAsBxUSiDtCiJTHEonom1VtaqGS1zRLNoFe79wXJAWSzj/",
  "GitHubUrl": "https://github.com/alokdev08-create/Maveric-Systems",
  "WorkFolder": "_work"
}
[2025-09-21 12:26:11Z INFO MessageListener] Loading Credentials
[2025-09-21 12:26:11Z INFO ConfigurationStore] HasCredentials()
[2025-09-21 12:26:11Z INFO ConfigurationStore] stored True
[2025-09-21 12:26:11Z INFO CredentialManager] GetCredentialProvider
[2025-09-21 12:26:11Z INFO CredentialManager] Creating type OAuth
[2025-09-21 12:26:11Z INFO CredentialManager] Creating credential type: OAuth
[2025-09-21 12:26:11Z INFO HostContext] Well known directory 'Bin': 'C:\Users\Alok\Downloads\Maveric Systems\Maveric-Systems\actions-runner\actions-runner-win-x64-2.308.0\bin'
[2025-09-21 12:26:11Z INFO HostContext] Well known directory 'Root': 'C:\Users\Alok\Downloads\Maveric Systems\Maveric-Systems\actions-runner\actions-runner-win-x64-2.308.0'
[2025-09-21 12:26:11Z INFO HostContext] Well known config file 'RSACredentials': 'C:\Users\Alok\Downloads\Maveric Systems\Maveric-Systems\actions-runner\actions-runner-win-x64-2.308.0\.credentials_rsaparams'
[2025-09-21 12:26:11Z INFO RSAEncryptedFileKeyManager] Loading RSA key parameters from file C:\Users\Alok\Downloads\Maveric Systems\Maveric-Systems\actions-runner\actions-runner-win-x64-2.308.0\.credentials_rsaparams
[2025-09-21 12:26:11Z INFO MessageListener] Attempt to create session.
[2025-09-21 12:26:11Z INFO MessageListener] Connecting to the Runner Server...
[2025-09-21 12:26:11Z INFO RunnerServer] EstablishVssConnection
[2025-09-21 12:26:11Z INFO RunnerServer] Establish connection with 100 seconds timeout.
[2025-09-21 12:26:11Z INFO GitHubActionsService] Starting operation Location.GetConnectionData
[2025-09-21 12:26:11Z INFO RunnerServer] EstablishVssConnection
[2025-09-21 12:26:11Z INFO RunnerServer] Establish connection with 60 seconds timeout.
[2025-09-21 12:26:11Z INFO GitHubActionsService] Starting operation Location.GetConnectionData
[2025-09-21 12:26:11Z INFO RunnerServer] EstablishVssConnection
[2025-09-21 12:26:11Z INFO RunnerServer] Establish connection with 60 seconds timeout.
[2025-09-21 12:26:11Z INFO GitHubActionsService] Starting operation Location.GetConnectionData
[2025-09-21 12:26:13Z INFO GitHubActionsService] Finished operation Location.GetConnectionData
[2025-09-21 12:26:13Z INFO GitHubActionsService] Finished operation Location.GetConnectionData
[2025-09-21 12:26:13Z INFO GitHubActionsService] Finished operation Location.GetConnectionData
[2025-09-21 12:26:13Z INFO MessageListener] VssConnection created
[2025-09-21 12:26:13Z INFO Terminal] WRITE LINE: 
[2025-09-21 12:26:13Z INFO Terminal] WRITE LINE: 
[2025-09-21 12:26:13Z INFO RSAEncryptedFileKeyManager] Loading RSA key parameters from file C:\Users\Alok\Downloads\Maveric Systems\Maveric-Systems\actions-runner\actions-runner-win-x64-2.308.0\.credentials_rsaparams
[2025-09-21 12:26:13Z INFO RSAEncryptedFileKeyManager] Loading RSA key parameters from file C:\Users\Alok\Downloads\Maveric Systems\Maveric-Systems\actions-runner\actions-runner-win-x64-2.308.0\.credentials_rsaparams
[2025-09-21 12:26:15Z INFO GitHubActionsService] AAD Correlation ID for this token request: Unknown
[2025-09-21 12:26:15Z INFO MessageListener] Session created.
[2025-09-21 12:26:15Z INFO MessageListener] Registering AuthMigrationChanged event handler.
[2025-09-21 12:26:15Z INFO Terminal] WRITE LINE: Current runner version: '2.328.0'
[2025-09-21 12:26:15Z INFO Terminal] WRITE LINE: 2025-09-21 12:26:15Z: Listening for Jobs
[2025-09-21 12:26:15Z INFO JobDispatcher] Set runner/worker IPC timeout to 30 seconds.
[2025-09-21 12:26:15Z INFO ConfigurationStore] HasCredentials()
[2025-09-21 12:26:15Z INFO ConfigurationStore] stored True
[2025-09-21 12:26:15Z INFO CredentialManager] GetCredentialProvider
[2025-09-21 12:26:15Z INFO CredentialManager] Creating type OAuth
[2025-09-21 12:26:15Z INFO CredentialManager] Creating credential type: OAuth
[2025-09-21 12:26:15Z INFO RSAEncryptedFileKeyManager] Loading RSA key parameters from file C:\Users\Alok\Downloads\Maveric Systems\Maveric-Systems\actions-runner\actions-runner-win-x64-2.308.0\.credentials_rsaparams
[2025-09-21 12:26:15Z INFO RSAEncryptedFileKeyManager] Loading RSA key parameters from file C:\Users\Alok\Downloads\Maveric Systems\Maveric-Systems\actions-runner\actions-runner-win-x64-2.308.0\.credentials_rsaparams
[2025-09-21 12:26:15Z INFO RSAEncryptedFileKeyManager] Loading RSA key parameters from file C:\Users\Alok\Downloads\Maveric Systems\Maveric-Systems\actions-runner\actions-runner-win-x64-2.308.0\.credentials_rsaparams
[2025-09-21 12:26:17Z INFO GitHubActionsService] AAD Correlation ID for this token request: Unknown
